<?xml version="1.0" encoding="UTF-8"?><testsuites failures="0" name="dependency-check" tests="25"><testsuite failures="0" errors="0" time="0" id="0" name="/home/runner/.m2/repository/miikka/clj-base62/0.1.1/clj-base62-0.1.1.jar" package="clj-base62-0.1.1.jar" skipped="0" tests="1" timestamp="2024-09-24T02:53:54.79374353"><testcase classname="dependency-check" name="clj-base62-0.1.1.jar"/></testsuite><testsuite failures="0" errors="0" time="0" id="1" name="/home/runner/.m2/repository/com/github/pmonks/clj-spdx/1.0.176/clj-spdx-1.0.176.jar" package="clj-spdx-1.0.176.jar" skipped="0" tests="1" timestamp="2024-09-24T02:53:54.79374353"><testcase classname="dependency-check" name="clj-spdx-1.0.176.jar"/></testsuite><testsuite failures="0" errors="0" time="0" id="2" name="/home/runner/.m2/repository/clj-xml-validation/clj-xml-validation/1.0.2/clj-xml-validation-1.0.2.jar" package="clj-xml-validation-1.0.2.jar" skipped="0" tests="1" timestamp="2024-09-24T02:53:54.79374353"><testcase classname="dependency-check" name="clj-xml-validation-1.0.2.jar"/></testsuite><testsuite failures="0" errors="0" time="0" id="3" name="/home/runner/.m2/repository/org/clojure/clojure/1.12.0/clojure-1.12.0.jar" package="clojure-1.12.0.jar" skipped="0" tests="1" timestamp="2024-09-24T02:53:54.79374353"><testcase classname="dependency-check" name="clojure-1.12.0.jar"/></testsuite><testsuite failures="0" errors="0" time="0" id="4" name="/home/runner/.m2/repository/commons-beanutils/commons-beanutils/1.9.4/commons-beanutils-1.9.4.jar" package="commons-beanutils-1.9.4.jar" skipped="0" tests="1" timestamp="2024-09-24T02:53:54.79374353"><testcase classname="dependency-check" name="commons-beanutils-1.9.4.jar"/></testsuite><testsuite failures="0" errors="0" time="0" id="5" name="/home/runner/.m2/repository/commons-collections/commons-collections/3.2.2/commons-collections-3.2.2.jar" package="commons-collections-3.2.2.jar" skipped="0" tests="1" timestamp="2024-09-24T02:53:54.79374353"><testcase classname="dependency-check" name="commons-collections-3.2.2.jar"/></testsuite><testsuite failures="0" errors="0" time="0" id="6" name="/home/runner/.m2/repository/commons-digester/commons-digester/2.1/commons-digester-2.1.jar" package="commons-digester-2.1.jar" skipped="0" tests="1" timestamp="2024-09-24T02:53:54.79374353"><testcase classname="dependency-check" name="commons-digester-2.1.jar"/></testsuite><testsuite failures="0" errors="0" time="0" id="7" name="/home/runner/.m2/repository/org/apache/commons/commons-lang3/3.5/commons-lang3-3.5.jar" package="commons-lang3-3.5.jar" skipped="0" tests="1" timestamp="2024-09-24T02:53:54.79374353"><testcase classname="dependency-check" name="commons-lang3-3.5.jar"/></testsuite><testsuite failures="0" errors="0" time="0" id="8" name="/home/runner/.m2/repository/commons-logging/commons-logging/1.3.2/commons-logging-1.3.2.jar" package="commons-logging-1.3.2.jar" skipped="0" tests="1" timestamp="2024-09-24T02:53:54.79374353"><testcase classname="dependency-check" name="commons-logging-1.3.2.jar"/></testsuite><testsuite failures="0" errors="0" time="0" id="9" name="/home/runner/.m2/repository/commons-validator/commons-validator/1.9.0/commons-validator-1.9.0.jar" package="commons-validator-1.9.0.jar" skipped="0" tests="1" timestamp="2024-09-24T02:53:54.79374353"><testcase classname="dependency-check" name="commons-validator-1.9.0.jar"/></testsuite><testsuite failures="0" errors="0" time="0" id="10" name="/home/runner/.m2/repository/org/clojure/core.specs.alpha/0.4.74/core.specs.alpha-0.4.74.jar" package="core.specs.alpha-0.4.74.jar" skipped="0" tests="1" timestamp="2024-09-24T02:53:54.79374353"><testcase classname="dependency-check" name="core.specs.alpha-0.4.74.jar"/></testsuite><testsuite failures="0" errors="0" time="0" id="11" name="/home/runner/.m2/repository/org/clojure/data.xml/0.2.0-alpha9/data.xml-0.2.0-alpha9.jar" package="data.xml-0.2.0-alpha9.jar" skipped="0" tests="1" timestamp="2024-09-24T02:53:54.79374353"><testcase classname="dependency-check" name="data.xml-0.2.0-alpha9.jar"/></testsuite><testsuite failures="0" errors="0" time="0" id="12" name="/home/runner/.m2/repository/com/github/pmonks/embroidery/1.0.44/embroidery-1.0.44.jar" package="embroidery-1.0.44.jar" skipped="0" tests="1" timestamp="2024-09-24T02:53:54.79374353"><testcase classname="dependency-check" name="embroidery-1.0.44.jar"/></testsuite><testsuite failures="0" errors="0" time="0" id="13" name="/home/runner/.m2/repository/com/google/code/gson/gson/2.8.9/gson-2.8.9.jar" package="gson-2.8.9.jar" skipped="0" tests="1" timestamp="2024-09-24T02:53:54.79374353"><testcase classname="dependency-check" name="gson-2.8.9.jar"/></testsuite><testsuite failures="0" errors="0" time="0" id="14" name="/home/runner/.m2/repository/hato/hato/1.0.0/hato-1.0.0.jar" package="hato-1.0.0.jar" skipped="0" tests="1" timestamp="2024-09-24T02:53:54.79374353"><testcase classname="dependency-check" name="hato-1.0.0.jar"/></testsuite><testsuite failures="0" errors="0" time="0" id="15" name="/home/runner/.m2/repository/instaparse/instaparse/1.5.0/instaparse-1.5.0.jar" package="instaparse-1.5.0.jar" skipped="0" tests="1" timestamp="2024-09-24T02:53:54.79374353"><testcase classname="dependency-check" name="instaparse-1.5.0.jar"/></testsuite><testsuite failures="0" errors="0" time="0" id="16" name="/home/runner/.m2/repository/org/spdx/java-spdx-library/1.1.11/java-spdx-library-1.1.11.jar" package="java-spdx-library-1.1.11.jar" skipped="0" tests="1" timestamp="2024-09-24T02:53:54.79374353"><testcase classname="dependency-check" name="java-spdx-library-1.1.11.jar"/></testsuite><testsuite failures="0" errors="0" time="0" id="17" name="/home/runner/.m2/repository/org/jsoup/jsoup/1.15.3/jsoup-1.15.3.jar" package="jsoup-1.15.3.jar" skipped="0" tests="1" timestamp="2024-09-24T02:53:54.79374353"><testcase classname="dependency-check" name="jsoup-1.15.3.jar"/></testsuite><testsuite failures="0" errors="0" time="0" id="18" name="/home/runner/.m2/repository/com/google/code/findbugs/jsr305/3.0.2/jsr305-3.0.2.jar" package="jsr305-3.0.2.jar" skipped="0" tests="1" timestamp="2024-09-24T02:53:54.79374353"><testcase classname="dependency-check" name="jsr305-3.0.2.jar"/></testsuite><testsuite failures="0" errors="0" time="0" id="19" name="/home/runner/.m2/repository/dev/weavejester/medley/1.8.1/medley-1.8.1.jar" package="medley-1.8.1.jar" skipped="0" tests="1" timestamp="2024-09-24T02:53:54.79374353"><testcase classname="dependency-check" name="medley-1.8.1.jar"/></testsuite><testsuite failures="0" errors="0" time="0" id="20" name="/home/runner/.m2/repository/com/github/pmonks/rencg/1.0.51/rencg-1.0.51.jar" package="rencg-1.0.51.jar" skipped="0" tests="1" timestamp="2024-09-24T02:53:54.79374353"><testcase classname="dependency-check" name="rencg-1.0.51.jar"/></testsuite><testsuite failures="0" errors="0" time="0" id="21" name="/home/runner/.m2/repository/org/slf4j/slf4j-api/2.0.13/slf4j-api-2.0.13.jar" package="slf4j-api-2.0.13.jar" skipped="0" tests="1" timestamp="2024-09-24T02:53:54.79374353"><testcase classname="dependency-check" name="slf4j-api-2.0.13.jar"/></testsuite><testsuite failures="0" errors="0" time="0" id="22" name="/home/runner/.m2/repository/org/clojure/spec.alpha/0.5.238/spec.alpha-0.5.238.jar" package="spec.alpha-0.5.238.jar" skipped="0" tests="1" timestamp="2024-09-24T02:53:54.79374353"><testcase classname="dependency-check" name="spec.alpha-0.5.238.jar"/></testsuite><testsuite failures="0" errors="0" time="0" id="23" name="/home/runner/.m2/repository/org/clojure/tools.logging/1.3.0/tools.logging-1.3.0.jar" package="tools.logging-1.3.0.jar" skipped="0" tests="1" timestamp="2024-09-24T02:53:54.79374353"><testcase classname="dependency-check" name="tools.logging-1.3.0.jar"/></testsuite><testsuite failures="0" errors="0" time="0" id="24" name="/home/runner/.m2/repository/tolitius/xml-in/0.1.1/xml-in-0.1.1.jar" package="xml-in-0.1.1.jar" skipped="0" tests="1" timestamp="2024-09-24T02:53:54.79374353"><testcase classname="dependency-check" name="xml-in-0.1.1.jar"/></testsuite></testsuites>