<?xml version="1.0" encoding="UTF-8"?><testsuites failures="2" name="dependency-check" tests="23"><testsuite failures="0" errors="0" time="0" id="0" name="/home/runner/.m2/repository/miikka/clj-base62/0.1.1/clj-base62-0.1.1.jar" package="clj-base62-0.1.1.jar" skipped="0" tests="1" timestamp="2025-06-03T03:21:30.031443777"><testcase classname="dependency-check" name="clj-base62-0.1.1.jar"/></testsuite><testsuite failures="0" errors="0" time="0" id="1" name="/home/runner/.m2/repository/com/github/pmonks/clj-spdx/1.0.176/clj-spdx-1.0.176.jar" package="clj-spdx-1.0.176.jar" skipped="0" tests="1" timestamp="2025-06-03T03:21:30.031443777"><testcase classname="dependency-check" name="clj-spdx-1.0.176.jar"/></testsuite><testsuite failures="0" errors="0" time="0" id="2" name="/home/runner/.m2/repository/clj-xml-validation/clj-xml-validation/1.0.2/clj-xml-validation-1.0.2.jar" package="clj-xml-validation-1.0.2.jar" skipped="0" tests="1" timestamp="2025-06-03T03:21:30.031443777"><testcase classname="dependency-check" name="clj-xml-validation-1.0.2.jar"/></testsuite><testsuite failures="1" errors="0" time="0" id="3" name="/home/runner/.m2/repository/org/clojure/clojure/1.12.0/clojure-1.12.0.jar" package="clojure-1.12.0.jar" skipped="0" tests="1" timestamp="2025-06-03T03:21:30.031443777"><testcase classname="CVE-2024-22871" name="pkg:maven/org.clojure/clojure@1.12.0"><failure message="cvssV3: HIGH, score: 7.5 (CVSS:3.1/AV:N/AC:L/PR:N/UI:N/S:U/C:N/I:N/A:H/E:3.9/RC:R/MAV:A)"/><system-out>An issue in Clojure versions 1.20 to 1.12.0-alpha5 allows an attacker to cause a denial of service (DoS) via the clojure.core$partial$fn__5920 function.</system-out><system-err>location: /home/runner/.m2/repository/org/clojure/clojure/1.12.0/clojure-1.12.0.jar, project-references: [  ]</system-err></testcase></testsuite><testsuite failures="1" errors="0" time="0" id="4" name="/home/runner/.m2/repository/commons-beanutils/commons-beanutils/1.9.4/commons-beanutils-1.9.4.jar" package="commons-beanutils-1.9.4.jar" skipped="0" tests="1" timestamp="2025-06-03T03:21:30.031443777"><testcase classname="CVE-2025-48734" name="pkg:maven/commons-beanutils/commons-beanutils@1.9.4"><failure message="cvssV3: HIGH, score: 8.800000190734863 (CVSS:3.1/AV:N/AC:L/PR:L/UI:N/S:U/C:H/I:H/A:H)"/><system-out>Improper Access Control vulnerability in Apache Commons.



A special BeanIntrospector class was added in version 1.9.2. This can be used to stop attackers from using the declared class property of Java enum objects to get access to the classloader. However this protection was not enabled by default. PropertyUtilsBean (and consequently BeanUtilsBean) now disallows declared class level property access by default.





Releases 1.11.0 and 2.0.0-M2 address a potential security issue when accessing enum properties in an uncontrolled way. If an application using Commons BeanUtils passes property paths from an external source directly to the getProperty() method of PropertyUtilsBean, an attacker can access the enum’s class loader via the “declaredClass” property available on all Java “enum” objects. Accessing the enum’s “declaredClass” allows remote attackers to access the ClassLoader and execute arbitrary code. The same issue exists with PropertyUtilsBean.getNestedProperty().
Starting in versions 1.11.0 and 2.0.0-M2 a special BeanIntrospector suppresses the “declaredClass” property. Note that this new BeanIntrospector is enabled by default, but you can disable it to regain the old behavior; see section 2.5 of the user&apos;s guide and the unit tests.

This issue affects Apache Commons BeanUtils 1.x before 1.11.0, and 2.x before 2.0.0-M2.Users of the artifact commons-beanutils:commons-beanutils

 1.x are recommended to upgrade to version 1.11.0, which fixes the issue.


Users of the artifact org.apache.commons:commons-beanutils2

 2.x are recommended to upgrade to version 2.0.0-M2, which fixes the issue.</system-out><system-err>location: /home/runner/.m2/repository/commons-beanutils/commons-beanutils/1.9.4/commons-beanutils-1.9.4.jar, project-references: [  ]</system-err></testcase></testsuite><testsuite failures="0" errors="0" time="0" id="5" name="/home/runner/.m2/repository/commons-collections/commons-collections/3.2.2/commons-collections-3.2.2.jar" package="commons-collections-3.2.2.jar" skipped="0" tests="1" timestamp="2025-06-03T03:21:30.031443777"><testcase classname="dependency-check" name="commons-collections-3.2.2.jar"/></testsuite><testsuite failures="0" errors="0" time="0" id="6" name="/home/runner/.m2/repository/commons-digester/commons-digester/2.1/commons-digester-2.1.jar" package="commons-digester-2.1.jar" skipped="0" tests="1" timestamp="2025-06-03T03:21:30.031443777"><testcase classname="dependency-check" name="commons-digester-2.1.jar"/></testsuite><testsuite failures="0" errors="0" time="0" id="7" name="/home/runner/.m2/repository/org/apache/commons/commons-lang3/3.5/commons-lang3-3.5.jar" package="commons-lang3-3.5.jar" skipped="0" tests="1" timestamp="2025-06-03T03:21:30.031443777"><testcase classname="dependency-check" name="commons-lang3-3.5.jar"/></testsuite><testsuite failures="0" errors="0" time="0" id="8" name="/home/runner/.m2/repository/commons-logging/commons-logging/1.3.2/commons-logging-1.3.2.jar" package="commons-logging-1.3.2.jar" skipped="0" tests="1" timestamp="2025-06-03T03:21:30.031443777"><testcase classname="dependency-check" name="commons-logging-1.3.2.jar"/></testsuite><testsuite failures="0" errors="0" time="0" id="9" name="/home/runner/.m2/repository/commons-validator/commons-validator/1.9.0/commons-validator-1.9.0.jar" package="commons-validator-1.9.0.jar" skipped="0" tests="1" timestamp="2025-06-03T03:21:30.031443777"><testcase classname="dependency-check" name="commons-validator-1.9.0.jar"/></testsuite><testsuite failures="0" errors="0" time="0" id="10" name="/home/runner/.m2/repository/org/clojure/core.specs.alpha/0.4.74/core.specs.alpha-0.4.74.jar" package="core.specs.alpha-0.4.74.jar" skipped="0" tests="1" timestamp="2025-06-03T03:21:30.031443777"><testcase classname="dependency-check" name="core.specs.alpha-0.4.74.jar"/></testsuite><testsuite failures="0" errors="0" time="0" id="11" name="/home/runner/.m2/repository/org/clojure/data.xml/0.2.0-alpha9/data.xml-0.2.0-alpha9.jar" package="data.xml-0.2.0-alpha9.jar" skipped="0" tests="1" timestamp="2025-06-03T03:21:30.031443777"><testcase classname="dependency-check" name="data.xml-0.2.0-alpha9.jar"/></testsuite><testsuite failures="0" errors="0" time="0" id="12" name="/home/runner/.m2/repository/com/github/pmonks/embroidery/1.0.44/embroidery-1.0.44.jar" package="embroidery-1.0.44.jar" skipped="0" tests="1" timestamp="2025-06-03T03:21:30.031443777"><testcase classname="dependency-check" name="embroidery-1.0.44.jar"/></testsuite><testsuite failures="0" errors="0" time="0" id="13" name="/home/runner/.m2/repository/com/google/code/gson/gson/2.8.9/gson-2.8.9.jar" package="gson-2.8.9.jar" skipped="0" tests="1" timestamp="2025-06-03T03:21:30.031443777"><testcase classname="dependency-check" name="gson-2.8.9.jar"/></testsuite><testsuite failures="0" errors="0" time="0" id="14" name="/home/runner/.m2/repository/hato/hato/1.0.0/hato-1.0.0.jar" package="hato-1.0.0.jar" skipped="0" tests="1" timestamp="2025-06-03T03:21:30.031443777"><testcase classname="dependency-check" name="hato-1.0.0.jar"/></testsuite><testsuite failures="0" errors="0" time="0" id="15" name="/home/runner/.m2/repository/instaparse/instaparse/1.5.0/instaparse-1.5.0.jar" package="instaparse-1.5.0.jar" skipped="0" tests="1" timestamp="2025-06-03T03:21:30.031443777"><testcase classname="dependency-check" name="instaparse-1.5.0.jar"/></testsuite><testsuite failures="0" errors="0" time="0" id="16" name="/home/runner/.m2/repository/org/spdx/java-spdx-library/1.1.11/java-spdx-library-1.1.11.jar" package="java-spdx-library-1.1.11.jar" skipped="0" tests="1" timestamp="2025-06-03T03:21:30.031443777"><testcase classname="dependency-check" name="java-spdx-library-1.1.11.jar"/></testsuite><testsuite failures="0" errors="0" time="0" id="17" name="/home/runner/.m2/repository/org/jsoup/jsoup/1.15.3/jsoup-1.15.3.jar" package="jsoup-1.15.3.jar" skipped="0" tests="1" timestamp="2025-06-03T03:21:30.031443777"><testcase classname="dependency-check" name="jsoup-1.15.3.jar"/></testsuite><testsuite failures="0" errors="0" time="0" id="18" name="/home/runner/.m2/repository/com/google/code/findbugs/jsr305/3.0.2/jsr305-3.0.2.jar" package="jsr305-3.0.2.jar" skipped="0" tests="1" timestamp="2025-06-03T03:21:30.031443777"><testcase classname="dependency-check" name="jsr305-3.0.2.jar"/></testsuite><testsuite failures="0" errors="0" time="0" id="19" name="/home/runner/.m2/repository/dev/weavejester/medley/1.8.1/medley-1.8.1.jar" package="medley-1.8.1.jar" skipped="0" tests="1" timestamp="2025-06-03T03:21:30.031443777"><testcase classname="dependency-check" name="medley-1.8.1.jar"/></testsuite><testsuite failures="0" errors="0" time="0" id="20" name="/home/runner/.m2/repository/com/github/pmonks/rencg/1.0.51/rencg-1.0.51.jar" package="rencg-1.0.51.jar" skipped="0" tests="1" timestamp="2025-06-03T03:21:30.031443777"><testcase classname="dependency-check" name="rencg-1.0.51.jar"/></testsuite><testsuite failures="0" errors="0" time="0" id="21" name="/home/runner/.m2/repository/org/slf4j/slf4j-api/2.0.13/slf4j-api-2.0.13.jar" package="slf4j-api-2.0.13.jar" skipped="0" tests="1" timestamp="2025-06-03T03:21:30.031443777"><testcase classname="dependency-check" name="slf4j-api-2.0.13.jar"/></testsuite><testsuite failures="0" errors="0" time="0" id="22" name="/home/runner/.m2/repository/org/clojure/spec.alpha/0.5.238/spec.alpha-0.5.238.jar" package="spec.alpha-0.5.238.jar" skipped="0" tests="1" timestamp="2025-06-03T03:21:30.031443777"><testcase classname="dependency-check" name="spec.alpha-0.5.238.jar"/></testsuite><testsuite failures="0" errors="0" time="0" id="23" name="/home/runner/.m2/repository/org/clojure/tools.logging/1.3.0/tools.logging-1.3.0.jar" package="tools.logging-1.3.0.jar" skipped="0" tests="1" timestamp="2025-06-03T03:21:30.031443777"><testcase classname="dependency-check" name="tools.logging-1.3.0.jar"/></testsuite><testsuite failures="0" errors="0" time="0" id="24" name="/home/runner/.m2/repository/tolitius/xml-in/0.1.1/xml-in-0.1.1.jar" package="xml-in-0.1.1.jar" skipped="0" tests="1" timestamp="2025-06-03T03:21:30.031443777"><testcase classname="dependency-check" name="xml-in-0.1.1.jar"/></testsuite></testsuites>